<?xml version="1.0" encoding="UTF-8"?>
<beans xmlns="http://www.springframework.org/schema/beans"
	xmlns:xsi="http://www.w3.org/2001/XMLSchema-instance" xmlns:aop="http://www.springframework.org/schema/aop"
	xmlns:tx="http://www.springframework.org/schema/tx"
	xsi:schemaLocation="http://www.springframework.org/schema/beans http://www.springframework.org/schema/beans/spring-beans-3.1.xsd http://www.springframework.org/schema/aop http://www.springframework.org/schema/aop/spring-aop-3.1.xsd http://www.springframework.org/schema/tx http://www.springframework.org/schema/tx/spring-tx-3.1.xsd">

	<bean id="dataSource" class="org.apache.commons.dbcp.BasicDataSource">
		<property name="driverClassName" value="${junit.db.driver}" />
		<property name="url" value="${junit.db.url}?characterEncoding=utf8" />
		<property name="username" value="${junit.db.username}" />
		<property name="password" value="${junit.db.password}" />
		<property name="defaultAutoCommit" value="true" />
		<property name="poolPreparedStatements" value="true" />
		<property name="maxActive" value="5" />
		<property name="initialSize" value="1" />
		<property name="maxIdle" value="2" />
		<property name="minIdle" value="2" />
		<property name="testOnBorrow" value="false" />
		<property name="validationQuery" value="select 1" />
		<property name="timeBetweenEvictionRunsMillis" value="10000" />
		<property name="testWhileIdle" value="true" />
		<property name="numTestsPerEvictionRun" value="3" />
		<property name="minEvictableIdleTimeMillis" value="-1" />
	</bean>

	<bean id="sqlSessionFactoryMaster" class="org.mybatis.spring.SqlSessionFactoryBean">
		<property name="dataSource" ref="dataSource" />
		<property name="configLocation" value="classpath:junit-config-mapper.xml"></property>
		<property name="mapperLocations" value="classpath*:com/spring_arch/**/sql/*.xml" />
	</bean>

	<bean id="userSqlSessionFactory" class="org.mybatis.spring.SqlSessionTemplate">
		<constructor-arg index="0" ref="sqlSessionFactoryMaster"></constructor-arg>
	</bean>
</beans>
